2023-12-23 18:17:19,235 - WARNING - Данные для России не найдены на странице.
2023-12-23 18:17:19,237 - WARNING - Не удалось получить данные.
2023-12-23 18:17:32,866 - WARNING - Данные для России не найдены на странице.
2023-12-23 18:17:32,868 - WARNING - Не удалось получить данные.
2023-12-23 18:18:53,307 - INFO - Данные успешно получены.
2023-12-23 18:18:54,234 - INFO - Недостаточно времени прошло с последнего обновления.
2023-12-23 18:29:27,895 - ERROR - Ошибка при получении данных: invalid literal for int() with base 10: '19 дек'
2023-12-23 18:29:27,898 - WARNING - Не удалось получить данные.
2023-12-23 18:31:15,253 - INFO - Данные успешно получены.
2023-12-23 18:31:16,065 - INFO - Недостаточно времени прошло с последнего обновления.
2023-12-23 18:37:04,693 - INFO - Данные успешно получены.
2023-12-23 18:37:04,732 - INFO - Данные успешно добавлены.
2023-12-23 18:38:02,000 - INFO - Данные успешно получены.
2023-12-23 18:38:02,032 - INFO - Недостаточно времени прошло с последнего обновления.
2023-12-23 18:43:32,309 - INFO - Данные успешно получены.
2023-12-23 18:43:32,408 - INFO - Данные успешно добавлены.
2023-12-23 18:46:32,925 - INFO - Данные успешно получены.
2023-12-23 18:46:32,941 - INFO - Недостаточно времени прошло с последнего обновления.
2023-12-23 18:51:26,947 - INFO - Данные успешно получены.
2023-12-23 18:51:26,962 - INFO - Данные успешно добавлены.
